<?xml version="1.0" encoding="UTF-8"?>
<testsuite xmlns:xsi="http://www.w3.org/2001/XMLSchema-instance" xsi:noNamespaceSchemaLocation="https://maven.apache.org/surefire/maven-surefire-plugin/xsd/surefire-test-report.xsd" version="3.0.2" name="com.example.demo.DemoApplicationTests" time="10.161" tests="1" errors="0" skipped="0" failures="0">
  <properties>
[...]
</properties>
  <testcase name="contextLoads" classname="com.example.demo.DemoApplicationTests" time="0.589">
    <system-out><![CDATA[00:07:14.813 [main] INFO org.springframework.test.context.support.AnnotationConfigContextLoaderUtils -- Could not detect default configuration classes for test class [com.example.demo.DemoApplicationTests]: DemoApplicationTests does not declare any static, non-private, non-final, nested classes annotated with @Configuration.
00:07:14.990 [main] INFO org.springframework.boot.test.context.SpringBootTestContextBootstrapper -- Found @SpringBootConfiguration com.example.demo.DemoApplication for test class com.example.demo.DemoApplicationTests
00:07:15.319 [main] INFO org.springframework.boot.devtools.restart.RestartApplicationListener -- Restart disabled due to context in which it is running

  .   ____          _            __ _ _
 /\\ / ___'_ __ _ _(_)_ __  __ _ \ \ \ \
( ( )\___ | '_ | '_| | '_ \/ _` | \ \ \ \
 \\/  ___)| |_)| | | | | || (_| |  ) ) ) )
  '  |____| .__|_| |_|_| |_\__, | / / / /
 =========|_|==============|___/=/_/_/_/

 :: Spring Boot ::                (v4.0.2)

2026-02-07T00:07:15.846+05:30  INFO 9864 --- [hostel-management] [           main] com.example.demo.DemoApplicationTests    : Starting DemoApplicationTests using Java 17.0.10 with PID 9864 (started by ELCOT in C:\Users\ELCOT\Downloads\demo\demo\backend)
2026-02-07T00:07:15.846+05:30  INFO 9864 --- [hostel-management] [           main] com.example.demo.DemoApplicationTests    : No active profile set, falling back to 1 default profile: "default"
2026-02-07T00:07:17.147+05:30  INFO 9864 --- [hostel-management] [           main] .s.d.r.c.RepositoryConfigurationDelegate : Bootstrapping Spring Data JPA repositories in DEFAULT mode.
2026-02-07T00:07:17.288+05:30  INFO 9864 --- [hostel-management] [           main] .s.d.r.c.RepositoryConfigurationDelegate : Finished Spring Data repository scanning in 119 ms. Found 4 JPA repository interfaces.
2026-02-07T00:07:17.963+05:30  INFO 9864 --- [hostel-management] [           main] org.hibernate.orm.jpa                    : HHH008540: Processing PersistenceUnitInfo [name: default]
2026-02-07T00:07:18.087+05:30  INFO 9864 --- [hostel-management] [           main] org.hibernate.orm.core                   : HHH000001: Hibernate ORM core version 7.2.1.Final
2026-02-07T00:07:19.144+05:30  INFO 9864 --- [hostel-management] [           main] o.s.o.j.p.SpringPersistenceUnitInfo      : No LoadTimeWeaver setup: ignoring JPA class transformer
2026-02-07T00:07:19.224+05:30  INFO 9864 --- [hostel-management] [           main] com.zaxxer.hikari.HikariDataSource       : HikariPool-1 - Starting...
2026-02-07T00:07:19.663+05:30  INFO 9864 --- [hostel-management] [           main] com.zaxxer.hikari.pool.HikariPool        : HikariPool-1 - Added connection conn0: url=jdbc:h2:mem:hosteldb user=SA
2026-02-07T00:07:19.668+05:30  INFO 9864 --- [hostel-management] [           main] com.zaxxer.hikari.HikariDataSource       : HikariPool-1 - Start completed.
2026-02-07T00:07:19.724+05:30  WARN 9864 --- [hostel-management] [           main] org.hibernate.orm.deprecation            : HHH90000025: H2Dialect does not need to be specified explicitly using 'hibernate.dialect' (remove the property setting and it will be selected by default)
2026-02-07T00:07:19.785+05:30  INFO 9864 --- [hostel-management] [           main] org.hibernate.orm.connections.pooling    : HHH10001005: Database info:
	Database JDBC URL [jdbc:h2:mem:hosteldb]
	Database driver: H2 JDBC Driver
	Database dialect: H2Dialect
	Database version: 2.4.240
	Default catalog/schema: HOSTELDB/PUBLIC
	Autocommit mode: undefined/unknown
	Isolation level: READ_COMMITTED [default READ_COMMITTED]
	JDBC fetch size: 100
	Pool: DataSourceConnectionProvider
	Minimum pool size: undefined/unknown
	Maximum pool size: undefined/unknown
2026-02-07T00:07:21.221+05:30  INFO 9864 --- [hostel-management] [           main] org.hibernate.orm.core                   : HHH000489: No JTA platform available (set 'hibernate.transaction.jta.platform' to enable JTA platform integration)
Hibernate: 
    create table allocations (
        id bigint generated by default as identity,
        allocation_date date not null,
        check_in_date date,
        check_out_date date,
        remarks varchar(255),
        allocation_status varchar(255) not null,
        room_id bigint not null,
        student_id bigint not null,
        primary key (id)
    )
Hibernate: 
    create table hostels (
        id bigint generated by default as identity,
        address varchar(255),
        facilities varchar(255),
        hostel_name varchar(255) not null,
        occupied_capacity integer,
        total_capacity integer not null,
        total_rooms integer not null,
        hostel_type varchar(255) not null,
        warden varchar(255),
        primary key (id)
    )
Hibernate: 
    create table rooms (
        id bigint generated by default as identity,
        capacity integer not null,
        floor varchar(255),
        occupied_beds integer not null,
        room_number varchar(255) not null,
        room_type varchar(255),
        hostel_id bigint not null,
        primary key (id)
    )
Hibernate: 
    create table students (
        id bigint generated by default as identity,
        address varchar(255),
        date_of_birth date,
        department varchar(255) not null,
        email varchar(255) not null,
        gender varchar(255) not null,
        name varchar(255) not null,
        phone varchar(255) not null,
        roll_number varchar(255) not null,
        student_year integer not null,
        primary key (id)
    )
Hibernate: 
    alter table if exists hostels 
       drop constraint if exists UKmirkbsomf5n3r6l8oh8i6g1qb
Hibernate: 
    alter table if exists hostels 
       add constraint UKmirkbsomf5n3r6l8oh8i6g1qb unique (hostel_name)
Hibernate: 
    alter table if exists students 
       drop constraint if exists UKe2rndfrsx22acpq2ty1caeuyw
Hibernate: 
    alter table if exists students 
       add constraint UKe2rndfrsx22acpq2ty1caeuyw unique (email)
Hibernate: 
    alter table if exists students 
       drop constraint if exists UKkmd86jf46110c60b412tjt2bg
Hibernate: 
    alter table if exists students 
       add constraint UKkmd86jf46110c60b412tjt2bg unique (roll_number)
Hibernate: 
    alter table if exists allocations 
       add constraint FKpkx2s2ihjrcpcoabifnwo68cn 
       foreign key (room_id) 
       references rooms
Hibernate: 
    alter table if exists allocations 
       add constraint FKt8f0vsywgt54aj29aocbc7qlb 
       foreign key (student_id) 
       references students
Hibernate: 
    alter table if exists rooms 
       add constraint FKtain3h0alg45872odwm85r9kb 
       foreign key (hostel_id) 
       references hostels
2026-02-07T00:07:21.377+05:30  INFO 9864 --- [hostel-management] [           main] j.LocalContainerEntityManagerFactoryBean : Initialized JPA EntityManagerFactory for persistence unit 'default'
2026-02-07T00:07:21.563+05:30  INFO 9864 --- [hostel-management] [           main] o.s.d.j.r.query.QueryEnhancerFactories   : Hibernate is in classpath; If applicable, HQL parser will be used.
2026-02-07T00:07:23.133+05:30  WARN 9864 --- [hostel-management] [           main] JpaBaseConfiguration$JpaWebConfiguration : spring.jpa.open-in-view is enabled by default. Therefore, database queries may be performed during view rendering. Explicitly configure spring.jpa.open-in-view to disable this warning
2026-02-07T00:07:23.797+05:30  INFO 9864 --- [hostel-management] [           main] o.s.b.h.a.H2ConsoleAutoConfiguration     : H2 console available at '/h2-console'. Database available at 'jdbc:h2:mem:hosteldb'
2026-02-07T00:07:23.962+05:30  INFO 9864 --- [hostel-management] [           main] com.example.demo.DemoApplicationTests    : Started DemoApplicationTests in 8.662 seconds (process running for 10.631)
]]></system-out>
  </testcase>
</testsuite>